<?xml version="1.0" encoding="UTF-8"?>
<testng-results ignored="0" total="4" passed="0" failed="0" skipped="4">
  <reporter-output>
  </reporter-output>
  <suite started-at="2021-11-29T13:37:01 IST" name="Suite123" finished-at="2021-11-29T13:37:01 IST" duration-ms="168">
    <groups>
    </groups>
    <test started-at="2021-11-29T13:37:01 IST" name="ChromeTest" finished-at="2021-11-29T13:37:01 IST" duration-ms="162">
      <class name="test.Pack.BuyYesBankShare">
        <test-method is-config="true" signature="launchBrowser(java.lang.String)[pri:0, instance:test.Pack.BuyYesBankShare@3d6f0054]" started-at="2021-11-29T13:37:01 IST" name="launchBrowser" finished-at="1970-01-01T05:30:00 IST" duration-ms="-1638173221457" status="FAIL">
          <exception class="org.testng.TestNGException">
            <message>
              <![CDATA[
Parameter 'browser' is required by BeforeTest on method launchBrowser but has not been marked @Optional or defined
in C:\Users\Dell\eclipse-workspace\SwapnilTraining\bin\Amazon\testng.xml]]>
            </message>
            <full-stacktrace>
              <![CDATA[org.testng.TestNGException: 
Parameter 'browser' is required by BeforeTest on method launchBrowser but has not been marked @Optional or defined
in C:\Users\Dell\eclipse-workspace\SwapnilTraining\bin\Amazon\testng.xml
at org.testng.internal.Parameters.createParams(Parameters.java:270)
at org.testng.internal.Parameters.createParametersForMethod(Parameters.java:358)
at org.testng.internal.Parameters.createParameters(Parameters.java:700)
at org.testng.internal.Parameters.createConfigurationParameters(Parameters.java:168)
at org.testng.internal.ConfigInvoker.invokeConfigurations(ConfigInvoker.java:302)
at org.testng.TestRunner.invokeTestConfigurations(TestRunner.java:637)
at org.testng.TestRunner.beforeRun(TestRunner.java:627)
at org.testng.TestRunner.run(TestRunner.java:589)
at org.testng.SuiteRunner.runTest(SuiteRunner.java:377)
at org.testng.SuiteRunner.access$000(SuiteRunner.java:28)
at org.testng.SuiteRunner$SuiteWorker.run(SuiteRunner.java:418)
at org.testng.internal.thread.ThreadUtil.lambda$execute$0(ThreadUtil.java:64)
at java.base/java.util.concurrent.FutureTask.run(FutureTask.java:264)
at java.base/java.util.concurrent.ThreadPoolExecutor.runWorker(ThreadPoolExecutor.java:1128)
at java.base/java.util.concurrent.ThreadPoolExecutor$Worker.run(ThreadPoolExecutor.java:628)
at java.base/java.lang.Thread.run(Thread.java:834)
]]>
            </full-stacktrace>
          </exception> <!-- org.testng.TestNGException -->
          <reporter-output>
          </reporter-output>
        </test-method> <!-- launchBrowser -->
        <test-method is-config="true" signature="launchApplication()[pri:0, instance:test.Pack.BuyYesBankShare@3d6f0054]" started-at="2021-11-29T13:37:01 IST" name="launchApplication" finished-at="1970-01-01T05:30:00 IST" duration-ms="-1638173221530" status="SKIP">
          <reporter-output>
          </reporter-output>
        </test-method> <!-- launchApplication -->
        <test-method is-config="true" signature="loginToUpstox()[pri:0, instance:test.Pack.BuyYesBankShare@3d6f0054]" started-at="2021-11-29T13:37:01 IST" name="loginToUpstox" finished-at="1970-01-01T05:30:00 IST" duration-ms="-1638173221565" status="SKIP">
          <reporter-output>
          </reporter-output>
        </test-method> <!-- loginToUpstox -->
        <test-method signature="BuyYesBankShare()[pri:0, instance:test.Pack.BuyYesBankShare@3d6f0054]" started-at="2021-11-29T13:37:01 IST" name="BuyYesBankShare" finished-at="2021-11-29T13:37:01 IST" duration-ms="0" status="SKIP">
          <exception class="org.testng.TestNGException">
            <message>
              <![CDATA[
Parameter 'browser' is required by BeforeTest on method launchBrowser but has not been marked @Optional or defined
in C:\Users\Dell\eclipse-workspace\SwapnilTraining\bin\Amazon\testng.xml]]>
            </message>
            <full-stacktrace>
              <![CDATA[org.testng.TestNGException: 
Parameter 'browser' is required by BeforeTest on method launchBrowser but has not been marked @Optional or defined
in C:\Users\Dell\eclipse-workspace\SwapnilTraining\bin\Amazon\testng.xml
at org.testng.internal.Parameters.createParams(Parameters.java:270)
at org.testng.internal.Parameters.createParametersForMethod(Parameters.java:358)
at org.testng.internal.Parameters.createParameters(Parameters.java:700)
at org.testng.internal.Parameters.createConfigurationParameters(Parameters.java:168)
at org.testng.internal.ConfigInvoker.invokeConfigurations(ConfigInvoker.java:302)
at org.testng.TestRunner.invokeTestConfigurations(TestRunner.java:637)
at org.testng.TestRunner.beforeRun(TestRunner.java:627)
at org.testng.TestRunner.run(TestRunner.java:589)
at org.testng.SuiteRunner.runTest(SuiteRunner.java:377)
at org.testng.SuiteRunner.access$000(SuiteRunner.java:28)
at org.testng.SuiteRunner$SuiteWorker.run(SuiteRunner.java:418)
at org.testng.internal.thread.ThreadUtil.lambda$execute$0(ThreadUtil.java:64)
at java.base/java.util.concurrent.FutureTask.run(FutureTask.java:264)
at java.base/java.util.concurrent.ThreadPoolExecutor.runWorker(ThreadPoolExecutor.java:1128)
at java.base/java.util.concurrent.ThreadPoolExecutor$Worker.run(ThreadPoolExecutor.java:628)
at java.base/java.lang.Thread.run(Thread.java:834)
]]>
            </full-stacktrace>
          </exception> <!-- org.testng.TestNGException -->
          <reporter-output>
          </reporter-output>
        </test-method> <!-- BuyYesBankShare -->
        <test-method is-config="true" signature="logoutUpstox()[pri:0, instance:test.Pack.BuyYesBankShare@3d6f0054]" started-at="2021-11-29T13:37:01 IST" name="logoutUpstox" finished-at="1970-01-01T05:30:00 IST" duration-ms="-1638173221578" status="SKIP">
          <reporter-output>
          </reporter-output>
        </test-method> <!-- logoutUpstox -->
        <test-method is-config="true" signature="loginToUpstox()[pri:0, instance:test.Pack.BuyYesBankShare@3d6f0054]" started-at="2021-11-29T13:37:01 IST" name="loginToUpstox" finished-at="1970-01-01T05:30:00 IST" duration-ms="-1638173221582" status="SKIP">
          <reporter-output>
          </reporter-output>
        </test-method> <!-- loginToUpstox -->
        <test-method signature="clickOnFavourite()[pri:0, instance:test.Pack.BuyYesBankShare@3d6f0054]" started-at="2021-11-29T13:37:01 IST" name="clickOnFavourite" finished-at="2021-11-29T13:37:01 IST" duration-ms="0" status="SKIP">
          <exception class="org.testng.TestNGException">
            <message>
              <![CDATA[
Parameter 'browser' is required by BeforeTest on method launchBrowser but has not been marked @Optional or defined
in C:\Users\Dell\eclipse-workspace\SwapnilTraining\bin\Amazon\testng.xml]]>
            </message>
            <full-stacktrace>
              <![CDATA[org.testng.TestNGException: 
Parameter 'browser' is required by BeforeTest on method launchBrowser but has not been marked @Optional or defined
in C:\Users\Dell\eclipse-workspace\SwapnilTraining\bin\Amazon\testng.xml
at org.testng.internal.Parameters.createParams(Parameters.java:270)
at org.testng.internal.Parameters.createParametersForMethod(Parameters.java:358)
at org.testng.internal.Parameters.createParameters(Parameters.java:700)
at org.testng.internal.Parameters.createConfigurationParameters(Parameters.java:168)
at org.testng.internal.ConfigInvoker.invokeConfigurations(ConfigInvoker.java:302)
at org.testng.TestRunner.invokeTestConfigurations(TestRunner.java:637)
at org.testng.TestRunner.beforeRun(TestRunner.java:627)
at org.testng.TestRunner.run(TestRunner.java:589)
at org.testng.SuiteRunner.runTest(SuiteRunner.java:377)
at org.testng.SuiteRunner.access$000(SuiteRunner.java:28)
at org.testng.SuiteRunner$SuiteWorker.run(SuiteRunner.java:418)
at org.testng.internal.thread.ThreadUtil.lambda$execute$0(ThreadUtil.java:64)
at java.base/java.util.concurrent.FutureTask.run(FutureTask.java:264)
at java.base/java.util.concurrent.ThreadPoolExecutor.runWorker(ThreadPoolExecutor.java:1128)
at java.base/java.util.concurrent.ThreadPoolExecutor$Worker.run(ThreadPoolExecutor.java:628)
at java.base/java.lang.Thread.run(Thread.java:834)
]]>
            </full-stacktrace>
          </exception> <!-- org.testng.TestNGException -->
          <reporter-output>
          </reporter-output>
        </test-method> <!-- clickOnFavourite -->
        <test-method is-config="true" signature="logoutUpstox()[pri:0, instance:test.Pack.BuyYesBankShare@3d6f0054]" started-at="2021-11-29T13:37:01 IST" name="logoutUpstox" finished-at="1970-01-01T05:30:00 IST" duration-ms="-1638173221590" status="SKIP">
          <reporter-output>
          </reporter-output>
        </test-method> <!-- logoutUpstox -->
        <test-method is-config="true" signature="clear()[pri:0, instance:test.Pack.BuyYesBankShare@3d6f0054]" started-at="2021-11-29T13:37:01 IST" name="clear" finished-at="1970-01-01T05:30:00 IST" duration-ms="-1638173221593" status="SKIP">
          <reporter-output>
          </reporter-output>
        </test-method> <!-- clear -->
        <test-method is-config="true" signature="close()[pri:0, instance:test.Pack.BuyYesBankShare@3d6f0054]" started-at="2021-11-29T13:37:01 IST" name="close" finished-at="1970-01-01T05:30:00 IST" duration-ms="-1638173221601" status="SKIP">
          <reporter-output>
          </reporter-output>
        </test-method> <!-- close -->
      </class> <!-- test.Pack.BuyYesBankShare -->
    </test> <!-- ChromeTest -->
    <test started-at="2021-11-29T13:37:01 IST" name="Edge" finished-at="2021-11-29T13:37:01 IST" duration-ms="168">
      <class name="test.Pack.BuyYesBankShare">
        <test-method is-config="true" signature="launchBrowser(java.lang.String)[pri:0, instance:test.Pack.BuyYesBankShare@54bff557]" started-at="2021-11-29T13:37:01 IST" name="launchBrowser" finished-at="1970-01-01T05:30:00 IST" duration-ms="-1638173221457" status="FAIL">
          <exception class="org.testng.TestNGException">
            <message>
              <![CDATA[
Parameter 'browser' is required by BeforeTest on method launchBrowser but has not been marked @Optional or defined
in C:\Users\Dell\eclipse-workspace\SwapnilTraining\bin\Amazon\testng.xml]]>
            </message>
            <full-stacktrace>
              <![CDATA[org.testng.TestNGException: 
Parameter 'browser' is required by BeforeTest on method launchBrowser but has not been marked @Optional or defined
in C:\Users\Dell\eclipse-workspace\SwapnilTraining\bin\Amazon\testng.xml
at org.testng.internal.Parameters.createParams(Parameters.java:270)
at org.testng.internal.Parameters.createParametersForMethod(Parameters.java:358)
at org.testng.internal.Parameters.createParameters(Parameters.java:700)
at org.testng.internal.Parameters.createConfigurationParameters(Parameters.java:168)
at org.testng.internal.ConfigInvoker.invokeConfigurations(ConfigInvoker.java:302)
at org.testng.TestRunner.invokeTestConfigurations(TestRunner.java:637)
at org.testng.TestRunner.beforeRun(TestRunner.java:627)
at org.testng.TestRunner.run(TestRunner.java:589)
at org.testng.SuiteRunner.runTest(SuiteRunner.java:377)
at org.testng.SuiteRunner.access$000(SuiteRunner.java:28)
at org.testng.SuiteRunner$SuiteWorker.run(SuiteRunner.java:418)
at org.testng.internal.thread.ThreadUtil.lambda$execute$0(ThreadUtil.java:64)
at java.base/java.util.concurrent.FutureTask.run(FutureTask.java:264)
at java.base/java.util.concurrent.ThreadPoolExecutor.runWorker(ThreadPoolExecutor.java:1128)
at java.base/java.util.concurrent.ThreadPoolExecutor$Worker.run(ThreadPoolExecutor.java:628)
at java.base/java.lang.Thread.run(Thread.java:834)
]]>
            </full-stacktrace>
          </exception> <!-- org.testng.TestNGException -->
          <reporter-output>
          </reporter-output>
        </test-method> <!-- launchBrowser -->
        <test-method is-config="true" signature="launchApplication()[pri:0, instance:test.Pack.BuyYesBankShare@54bff557]" started-at="2021-11-29T13:37:01 IST" name="launchApplication" finished-at="1970-01-01T05:30:00 IST" duration-ms="-1638173221530" status="SKIP">
          <reporter-output>
          </reporter-output>
        </test-method> <!-- launchApplication -->
        <test-method is-config="true" signature="loginToUpstox()[pri:0, instance:test.Pack.BuyYesBankShare@54bff557]" started-at="2021-11-29T13:37:01 IST" name="loginToUpstox" finished-at="1970-01-01T05:30:00 IST" duration-ms="-1638173221565" status="SKIP">
          <reporter-output>
          </reporter-output>
        </test-method> <!-- loginToUpstox -->
        <test-method signature="BuyYesBankShare()[pri:0, instance:test.Pack.BuyYesBankShare@54bff557]" started-at="2021-11-29T13:37:01 IST" name="BuyYesBankShare" finished-at="2021-11-29T13:37:01 IST" duration-ms="0" status="SKIP">
          <exception class="org.testng.TestNGException">
            <message>
              <![CDATA[
Parameter 'browser' is required by BeforeTest on method launchBrowser but has not been marked @Optional or defined
in C:\Users\Dell\eclipse-workspace\SwapnilTraining\bin\Amazon\testng.xml]]>
            </message>
            <full-stacktrace>
              <![CDATA[org.testng.TestNGException: 
Parameter 'browser' is required by BeforeTest on method launchBrowser but has not been marked @Optional or defined
in C:\Users\Dell\eclipse-workspace\SwapnilTraining\bin\Amazon\testng.xml
at org.testng.internal.Parameters.createParams(Parameters.java:270)
at org.testng.internal.Parameters.createParametersForMethod(Parameters.java:358)
at org.testng.internal.Parameters.createParameters(Parameters.java:700)
at org.testng.internal.Parameters.createConfigurationParameters(Parameters.java:168)
at org.testng.internal.ConfigInvoker.invokeConfigurations(ConfigInvoker.java:302)
at org.testng.TestRunner.invokeTestConfigurations(TestRunner.java:637)
at org.testng.TestRunner.beforeRun(TestRunner.java:627)
at org.testng.TestRunner.run(TestRunner.java:589)
at org.testng.SuiteRunner.runTest(SuiteRunner.java:377)
at org.testng.SuiteRunner.access$000(SuiteRunner.java:28)
at org.testng.SuiteRunner$SuiteWorker.run(SuiteRunner.java:418)
at org.testng.internal.thread.ThreadUtil.lambda$execute$0(ThreadUtil.java:64)
at java.base/java.util.concurrent.FutureTask.run(FutureTask.java:264)
at java.base/java.util.concurrent.ThreadPoolExecutor.runWorker(ThreadPoolExecutor.java:1128)
at java.base/java.util.concurrent.ThreadPoolExecutor$Worker.run(ThreadPoolExecutor.java:628)
at java.base/java.lang.Thread.run(Thread.java:834)
]]>
            </full-stacktrace>
          </exception> <!-- org.testng.TestNGException -->
          <reporter-output>
          </reporter-output>
        </test-method> <!-- BuyYesBankShare -->
        <test-method is-config="true" signature="logoutUpstox()[pri:0, instance:test.Pack.BuyYesBankShare@54bff557]" started-at="2021-11-29T13:37:01 IST" name="logoutUpstox" finished-at="1970-01-01T05:30:00 IST" duration-ms="-1638173221579" status="SKIP">
          <reporter-output>
          </reporter-output>
        </test-method> <!-- logoutUpstox -->
        <test-method is-config="true" signature="loginToUpstox()[pri:0, instance:test.Pack.BuyYesBankShare@54bff557]" started-at="2021-11-29T13:37:01 IST" name="loginToUpstox" finished-at="1970-01-01T05:30:00 IST" duration-ms="-1638173221586" status="SKIP">
          <reporter-output>
          </reporter-output>
        </test-method> <!-- loginToUpstox -->
        <test-method signature="clickOnFavourite()[pri:0, instance:test.Pack.BuyYesBankShare@54bff557]" started-at="2021-11-29T13:37:01 IST" name="clickOnFavourite" finished-at="2021-11-29T13:37:01 IST" duration-ms="0" status="SKIP">
          <exception class="org.testng.TestNGException">
            <message>
              <![CDATA[
Parameter 'browser' is required by BeforeTest on method launchBrowser but has not been marked @Optional or defined
in C:\Users\Dell\eclipse-workspace\SwapnilTraining\bin\Amazon\testng.xml]]>
            </message>
            <full-stacktrace>
              <![CDATA[org.testng.TestNGException: 
Parameter 'browser' is required by BeforeTest on method launchBrowser but has not been marked @Optional or defined
in C:\Users\Dell\eclipse-workspace\SwapnilTraining\bin\Amazon\testng.xml
at org.testng.internal.Parameters.createParams(Parameters.java:270)
at org.testng.internal.Parameters.createParametersForMethod(Parameters.java:358)
at org.testng.internal.Parameters.createParameters(Parameters.java:700)
at org.testng.internal.Parameters.createConfigurationParameters(Parameters.java:168)
at org.testng.internal.ConfigInvoker.invokeConfigurations(ConfigInvoker.java:302)
at org.testng.TestRunner.invokeTestConfigurations(TestRunner.java:637)
at org.testng.TestRunner.beforeRun(TestRunner.java:627)
at org.testng.TestRunner.run(TestRunner.java:589)
at org.testng.SuiteRunner.runTest(SuiteRunner.java:377)
at org.testng.SuiteRunner.access$000(SuiteRunner.java:28)
at org.testng.SuiteRunner$SuiteWorker.run(SuiteRunner.java:418)
at org.testng.internal.thread.ThreadUtil.lambda$execute$0(ThreadUtil.java:64)
at java.base/java.util.concurrent.FutureTask.run(FutureTask.java:264)
at java.base/java.util.concurrent.ThreadPoolExecutor.runWorker(ThreadPoolExecutor.java:1128)
at java.base/java.util.concurrent.ThreadPoolExecutor$Worker.run(ThreadPoolExecutor.java:628)
at java.base/java.lang.Thread.run(Thread.java:834)
]]>
            </full-stacktrace>
          </exception> <!-- org.testng.TestNGException -->
          <reporter-output>
          </reporter-output>
        </test-method> <!-- clickOnFavourite -->
        <test-method is-config="true" signature="logoutUpstox()[pri:0, instance:test.Pack.BuyYesBankShare@54bff557]" started-at="2021-11-29T13:37:01 IST" name="logoutUpstox" finished-at="1970-01-01T05:30:00 IST" duration-ms="-1638173221598" status="SKIP">
          <reporter-output>
          </reporter-output>
        </test-method> <!-- logoutUpstox -->
        <test-method is-config="true" signature="clear()[pri:0, instance:test.Pack.BuyYesBankShare@54bff557]" started-at="2021-11-29T13:37:01 IST" name="clear" finished-at="1970-01-01T05:30:00 IST" duration-ms="-1638173221603" status="SKIP">
          <reporter-output>
          </reporter-output>
        </test-method> <!-- clear -->
        <test-method is-config="true" signature="close()[pri:0, instance:test.Pack.BuyYesBankShare@54bff557]" started-at="2021-11-29T13:37:01 IST" name="close" finished-at="1970-01-01T05:30:00 IST" duration-ms="-1638173221607" status="SKIP">
          <reporter-output>
          </reporter-output>
        </test-method> <!-- close -->
      </class> <!-- test.Pack.BuyYesBankShare -->
    </test> <!-- Edge -->
  </suite> <!-- Suite123 -->
</testng-results>
