<?xml version="1.0" encoding="UTF-8"?>
<!-- Generated by org.testng.reporters.JUnitXMLReporter -->
<testsuite ignored="0" hostname="DESKTOP-KUAGG3R" failures="0" tests="2" name="Edge" time="0.168" errors="0" timestamp="2021-11-29T13:37:01 IST">
  <testcase classname="test.Pack.BuyYesBankShare" name="@BeforeTest launchBrowser" time="-1.638173221457E9">
    <failure type="org.testng.TestNGException" message="
Parameter &amp;apos;browser&amp;apos; is required by BeforeTest on method launchBrowser but has not been marked @Optional or defined
in C:\Users\Dell\eclipse-workspace\SwapnilTraining\bin\Amazon\testng.xml">
      <![CDATA[org.testng.TestNGException: 
Parameter 'browser' is required by BeforeTest on method launchBrowser but has not been marked @Optional or defined
in C:\Users\Dell\eclipse-workspace\SwapnilTraining\bin\Amazon\testng.xml
at java.base/java.util.concurrent.FutureTask.run(FutureTask.java:264)
at java.base/java.util.concurrent.ThreadPoolExecutor.runWorker(ThreadPoolExecutor.java:1128)
at java.base/java.util.concurrent.ThreadPoolExecutor$Worker.run(ThreadPoolExecutor.java:628)
at java.base/java.lang.Thread.run(Thread.java:834)
... Removed 12 stack frames]]>
    </failure>
  </testcase> <!-- @BeforeTest launchBrowser -->
  <testcase classname="test.Pack.BuyYesBankShare" name="@BeforeClass launchApplication" time="-1.63817322153E9">
    <skipped/>
  </testcase> <!-- @BeforeClass launchApplication -->
  <testcase classname="test.Pack.BuyYesBankShare" name="@BeforeMethod loginToUpstox" time="-1.638173221565E9">
    <skipped/>
  </testcase> <!-- @BeforeMethod loginToUpstox -->
  <testcase classname="test.Pack.BuyYesBankShare" name="@AfterMethod logoutUpstox" time="-1.638173221579E9">
    <skipped/>
  </testcase> <!-- @AfterMethod logoutUpstox -->
  <testcase classname="test.Pack.BuyYesBankShare" name="@BeforeMethod loginToUpstox" time="-1.638173221586E9">
    <skipped/>
  </testcase> <!-- @BeforeMethod loginToUpstox -->
  <testcase classname="test.Pack.BuyYesBankShare" name="@AfterMethod logoutUpstox" time="-1.638173221598E9">
    <skipped/>
  </testcase> <!-- @AfterMethod logoutUpstox -->
  <testcase classname="test.Pack.BuyYesBankShare" name="@AfterClass clear" time="-1.638173221603E9">
    <skipped/>
  </testcase> <!-- @AfterClass clear -->
  <testcase classname="test.Pack.BuyYesBankShare" name="@AfterTest close" time="-1.638173221607E9">
    <skipped/>
  </testcase> <!-- @AfterTest close -->
  <testcase classname="test.Pack.BuyYesBankShare" name="BuyYesBankShare" time="0.0">
    <skipped/>
  </testcase> <!-- BuyYesBankShare -->
  <testcase classname="test.Pack.BuyYesBankShare" name="clickOnFavourite" time="0.0">
    <skipped/>
  </testcase> <!-- clickOnFavourite -->
</testsuite> <!-- Edge -->
